<?xml version="1.0" encoding="UTF-8"?>
<robot generator="Robot 6.0.2 (Python 3.10.6 on linux)" generated="20230309 10:40:00.981" rpa="false" schemaversion="3">
<suite id="s1" name="Test" source="/home/h3dma/projects/robot_framework/test.robot">
<test id="s1-t1" name="ValuePair: Sum" line="6">
<kw name="SUM" library="ValuePair">
<var>${value}</var>
<msg timestamp="20230309 10:40:00.998" level="INFO">${value} = 6</msg>
<status status="PASS" starttime="20230309 10:40:00.997" endtime="20230309 10:40:00.998"/>
</kw>
<kw name="Should Be Equal" library="BuiltIn">
<arg>${value}</arg>
<arg>${6}</arg>
<doc>Fails if the given objects are unequal.</doc>
<status status="PASS" starttime="20230309 10:40:00.998" endtime="20230309 10:40:00.998"/>
</kw>
<status status="PASS" starttime="20230309 10:40:00.997" endtime="20230309 10:40:00.999"/>
</test>
<test id="s1-t2" name="ValuePair: Diff" line="9">
<kw name="DIFF" library="ValuePair">
<var>${value}</var>
<msg timestamp="20230309 10:40:01.000" level="INFO">${value} = 2</msg>
<status status="PASS" starttime="20230309 10:40:01.000" endtime="20230309 10:40:01.000"/>
</kw>
<kw name="Should Be Equal" library="BuiltIn">
<arg>${value}</arg>
<arg>${2}</arg>
<doc>Fails if the given objects are unequal.</doc>
<status status="PASS" starttime="20230309 10:40:01.000" endtime="20230309 10:40:01.001"/>
</kw>
<status status="PASS" starttime="20230309 10:40:00.999" endtime="20230309 10:40:01.001"/>
</test>
<test id="s1-t3" name="func: Factorial" line="13">
<kw name="Factorial" library="func">
<var>${value}</var>
<arg>${3}</arg>
<msg timestamp="20230309 10:40:01.002" level="INFO">${value} = 6</msg>
<status status="PASS" starttime="20230309 10:40:01.001" endtime="20230309 10:40:01.002"/>
</kw>
<kw name="Should Be Equal" library="BuiltIn">
<arg>${value}</arg>
<arg>${6}</arg>
<doc>Fails if the given objects are unequal.</doc>
<status status="PASS" starttime="20230309 10:40:01.002" endtime="20230309 10:40:01.002"/>
</kw>
<status status="PASS" starttime="20230309 10:40:01.001" endtime="20230309 10:40:01.002"/>
</test>
<status status="PASS" starttime="20230309 10:40:00.982" endtime="20230309 10:40:01.003"/>
</suite>
<statistics>
<total>
<stat pass="3" fail="0" skip="0">All Tests</stat>
</total>
<tag>
</tag>
<suite>
<stat pass="3" fail="0" skip="0" id="s1" name="Test">Test</stat>
</suite>
</statistics>
<errors>
</errors>
</robot>
